<?xml version="1.0" encoding="utf-8"?><testsuites><testsuite name="pytest" errors="0" failures="0" skipped="3" tests="28" time="10.551" timestamp="2025-09-22T21:55:59.545950" hostname="ROG_STRIX_G17"><testcase classname="" name="vpn_api.test_email_flow" time="0.000"><skipped message="collection skipped">('C:\\Users\\ravin\\OneDrive\\Рабочий стол\\vpn api\\vpn_api\\test_email_flow.py', 3, 'Skipped: Email verification tests removed — mail flow deleted')</skipped></testcase><testcase classname="vpn_api.test_add_coverage" name="test_delete_nonexistent_tariff" time="1.028" /><testcase classname="vpn_api.test_add_coverage" name="test_create_and_list_tariff" time="0.503" /><testcase classname="vpn_api.test_admin_flow" name="test_admin_flow" time="1.425" /><testcase classname="vpn_api.test_flow" name="test_basic_flow" time="0.725" /><testcase classname="vpn_api.test_payments" name="test_payments_crud_flow" time="0.776" /><testcase classname="vpn_api.test_peers" name="test_peers_crud_flow" time="0.815" /><testcase classname="vpn_api.test_unit" name="test_register_and_login" time="0.677" /><testcase classname="vpn_api.test_unit" name="test_tariff_crud" time="0.231"><skipped type="pytest.skip" message="Admin user not available">C:\Users\ravin\OneDrive\Рабочий стол\vpn api\vpn_api\test_unit.py:30: Admin user not available</skipped></testcase><testcase classname="vpn_api.test_wg_host_integration" name="test_create_peer_calls_apply" time="0.715" /><testcase classname="vpn_api.test_wg_host_integration" name="test_delete_peer_calls_remove" time="0.727" /><testcase classname="vpn_api.test_wg_key_policy" name="test_create_peer_with_host_key" time="0.717" /><testcase classname="vpn_api.tests.test_mail_service" name="test_smtp_dry_run" time="0.001" /><testcase classname="vpn_api.tests.test_mail_service" name="test_prepare_message" time="0.010" /><testcase classname="vpn_api.tests.test_mail_service" name="test_attempt_login_no_auth" time="0.001" /><testcase classname="vpn_api.tests.test_mail_service" name="test_send_smtp_exception" time="0.004" /><testcase classname="vpn_api.tests.test_peers_wg_easy" name="test_create_peer_wg_easy_success" time="0.017" /><testcase classname="vpn_api.tests.test_peers_wg_easy" name="test_create_peer_wg_easy_compensate_on_db_failure" time="0.010" /><testcase classname="vpn_api.tests.test_wg_easy_adapter" name="test_adapter_context_manager" time="0.002"><skipped type="pytest.skip" message="async def function and no async plugin installed (see warnings)">C:\Users\ravin\OneDrive\Рабочий стол\vpn api\venv\Lib\site-packages\_pytest\python.py:173: async def function and no async plugin installed (see warnings)</skipped></testcase><testcase classname="vpn_api.tests.test_wg_easy_adapter_sync" name="test_adapter_context_manager_sync" time="0.003" /><testcase classname="vpn_api.tests.test_wg_easy_adapter_sync" name="test_runtime_import_with_session" time="0.002" /><testcase classname="vpn_api.tests.test_wg_easy_adapter_sync" name="test_constructor_fallback_on_typeerror" time="0.002" /><testcase classname="vpn_api.tests.test_wg_easy_adapter_sync" name="test_import_failure_raises_runtimeerror" time="0.004" /><testcase classname="vpn_api.tests.test_wg_easy_adapter_sync" name="test_adapter_basic_sync_exercise" time="0.003" /><testcase classname="vpn_api.tests.test_wg_host" name="test_build_ssh_cmd_quoting" time="0.001" /><testcase classname="vpn_api.tests.test_wg_host" name="test_apply_remove_disabled" time="0.001" /><testcase classname="vpn_api.tests.test_wg_host" name="test_apply_peer_success" time="0.001" /><testcase classname="vpn_api.tests.test_wg_host" name="test_generate_key_on_host_parsing" time="0.001" /></testsuite></testsuites>
