<?xml version="1.0" encoding="utf-8"?><testsuites name="pytest tests"><testsuite name="pytest" errors="0" failures="0" skipped="2" tests="9" time="13.250" timestamp="2025-09-17T12:45:40.526351+07:00" hostname="ROG_STRIX_G17"><testcase classname="" name="vpn_api.test_email_flow" time="0.000"><skipped message="collection skipped">('C:\\Users\\ravin\\OneDrive\\Рабочий стол\\vpn api\\vpn_api\\test_email_flow.py', 3, 'Skipped: Email verification tests removed — mail flow deleted')</skipped></testcase><testcase classname="vpn_api.test_add_coverage" name="test_delete_nonexistent_tariff" time="1.104" /><testcase classname="vpn_api.test_add_coverage" name="test_create_and_list_tariff" time="0.512" /><testcase classname="vpn_api.test_admin_flow" name="test_admin_flow" time="1.400" /><testcase classname="vpn_api.test_flow" name="test_basic_flow" time="0.705" /><testcase classname="vpn_api.test_payments" name="test_payments_crud_flow" time="0.750" /><testcase classname="vpn_api.test_peers" name="test_peers_crud_flow" time="0.769" /><testcase classname="vpn_api.test_unit" name="test_register_and_login" time="0.664" /><testcase classname="vpn_api.test_unit" name="test_tariff_crud" time="0.219"><skipped type="pytest.skip" message="Admin user not available">C:\Users\ravin\OneDrive\Рабочий стол\vpn api\vpn_api\test_unit.py:30: Admin user not available</skipped></testcase></testsuite></testsuites>
